Fri May  9 16:58:35 MDT 2025: Starting eBay scraper server
Fri May  9 16:58:35 MDT 2025: Server started with PID: 60317
node:internal/modules/cjs/loader:1408
  throw err;
  ^

Error: Cannot find module '/Users/jordanreedlinford/Desktop/sports-card-starter/server/server/scraper.js'
    at Function._resolveFilename (node:internal/modules/cjs/loader:1405:15)
    at defaultResolveImpl (node:internal/modules/cjs/loader:1061:19)
    at resolveForCJSWithHooks (node:internal/modules/cjs/loader:1066:22)
    at Function._load (node:internal/modules/cjs/loader:1215:37)
    at TracingChannel.traceSync (node:diagnostics_channel:322:14)
    at wrapModuleLoad (node:internal/modules/cjs/loader:235:24)
    at Function.executeUserEntryPoint [as runMain] (node:internal/modules/run_main:151:5)
    at node:internal/main/run_main_module:33:47 {
  code: 'MODULE_NOT_FOUND',
  requireStack: []
}

Node.js v23.10.0
Fri May  9 16:58:38 MDT 2025: Failed to start server
Fri May  9 16:58:38 MDT 2025: Retrying in 10 seconds... (Attempt 1 of 5)
Fri May  9 16:58:48 MDT 2025: Server started with PID: 60360
node:internal/modules/cjs/loader:1408
  throw err;
  ^

Error: Cannot find module '/Users/jordanreedlinford/Desktop/sports-card-starter/server/server/scraper.js'
    at Function._resolveFilename (node:internal/modules/cjs/loader:1405:15)
    at defaultResolveImpl (node:internal/modules/cjs/loader:1061:19)
    at resolveForCJSWithHooks (node:internal/modules/cjs/loader:1066:22)
    at Function._load (node:internal/modules/cjs/loader:1215:37)
    at TracingChannel.traceSync (node:diagnostics_channel:322:14)
    at wrapModuleLoad (node:internal/modules/cjs/loader:235:24)
    at Function.executeUserEntryPoint [as runMain] (node:internal/modules/run_main:151:5)
    at node:internal/main/run_main_module:33:47 {
  code: 'MODULE_NOT_FOUND',
  requireStack: []
}

Node.js v23.10.0
Fri May  9 16:58:51 MDT 2025: Failed to start server
Fri May  9 16:58:51 MDT 2025: Retrying in 10 seconds... (Attempt 2 of 5)
Fri May  9 16:59:01 MDT 2025: Server started with PID: 60401
node:internal/modules/cjs/loader:1408
  throw err;
  ^

Error: Cannot find module '/Users/jordanreedlinford/Desktop/sports-card-starter/server/server/scraper.js'
    at Function._resolveFilename (node:internal/modules/cjs/loader:1405:15)
    at defaultResolveImpl (node:internal/modules/cjs/loader:1061:19)
    at resolveForCJSWithHooks (node:internal/modules/cjs/loader:1066:22)
    at Function._load (node:internal/modules/cjs/loader:1215:37)
    at TracingChannel.traceSync (node:diagnostics_channel:322:14)
    at wrapModuleLoad (node:internal/modules/cjs/loader:235:24)
    at Function.executeUserEntryPoint [as runMain] (node:internal/modules/run_main:151:5)
    at node:internal/main/run_main_module:33:47 {
  code: 'MODULE_NOT_FOUND',
  requireStack: []
}

Node.js v23.10.0
Fri May  9 16:59:04 MDT 2025: Failed to start server
Fri May  9 16:59:04 MDT 2025: Retrying in 10 seconds... (Attempt 3 of 5)
Fri May  9 16:59:14 MDT 2025: Server started with PID: 60441
node:internal/modules/cjs/loader:1408
  throw err;
  ^

Error: Cannot find module '/Users/jordanreedlinford/Desktop/sports-card-starter/server/server/scraper.js'
    at Function._resolveFilename (node:internal/modules/cjs/loader:1405:15)
    at defaultResolveImpl (node:internal/modules/cjs/loader:1061:19)
    at resolveForCJSWithHooks (node:internal/modules/cjs/loader:1066:22)
    at Function._load (node:internal/modules/cjs/loader:1215:37)
    at TracingChannel.traceSync (node:diagnostics_channel:322:14)
    at wrapModuleLoad (node:internal/modules/cjs/loader:235:24)
    at Function.executeUserEntryPoint [as runMain] (node:internal/modules/run_main:151:5)
    at node:internal/main/run_main_module:33:47 {
  code: 'MODULE_NOT_FOUND',
  requireStack: []
}

Node.js v23.10.0
Fri May  9 16:59:17 MDT 2025: Failed to start server
Fri May  9 16:59:17 MDT 2025: Retrying in 10 seconds... (Attempt 4 of 5)
Fri May  9 16:59:27 MDT 2025: Server started with PID: 60481
node:internal/modules/cjs/loader:1408
  throw err;
  ^

Error: Cannot find module '/Users/jordanreedlinford/Desktop/sports-card-starter/server/server/scraper.js'
    at Function._resolveFilename (node:internal/modules/cjs/loader:1405:15)
    at defaultResolveImpl (node:internal/modules/cjs/loader:1061:19)
    at resolveForCJSWithHooks (node:internal/modules/cjs/loader:1066:22)
    at Function._load (node:internal/modules/cjs/loader:1215:37)
    at TracingChannel.traceSync (node:diagnostics_channel:322:14)
    at wrapModuleLoad (node:internal/modules/cjs/loader:235:24)
    at Function.executeUserEntryPoint [as runMain] (node:internal/modules/run_main:151:5)
    at node:internal/main/run_main_module:33:47 {
  code: 'MODULE_NOT_FOUND',
  requireStack: []
}

Node.js v23.10.0
Fri May  9 16:59:30 MDT 2025: Failed to start server
Fri May  9 16:59:30 MDT 2025: Maximum retry attempts reached. Server failed to start.
